2023-07-25 00:34:58.349 [main] INFO  com.zlht.pose.management.api.PoseManagementApi - Starting PoseManagementApi using Java 1.8.0_341 on SC-202102120022 with PID 5368 (C:\Users\Administrator\Desktop\pose-management\pose-management-api\target\classes started by Administrator in C:\Users\Administrator\Desktop\pose-management)
2023-07-25 00:34:58.381 [main] INFO  com.zlht.pose.management.api.PoseManagementApi - No active profile set, falling back to 1 default profile: "default"
2023-07-25 00:34:59.616 [main] INFO  org.springframework.boot.web.embedded.tomcat.TomcatWebServer - Tomcat initialized with port(s): 8080 (http)
2023-07-25 00:34:59.762 [main] INFO  org.springframework.boot.web.servlet.context.ServletWebServerApplicationContext - Root WebApplicationContext: initialization completed in 1294 ms
2023-07-25 00:35:00.930 [main] INFO  org.springframework.boot.web.embedded.tomcat.TomcatWebServer - Tomcat started on port(s): 8080 (http) with context path ''
2023-07-25 00:35:01.106 [main] INFO  com.zlht.pose.management.api.PoseManagementApi - Started PoseManagementApi in 3.077 seconds (JVM running for 4.039)
2023-07-25 00:35:02.884 [http-nio-8080-exec-1] INFO  org.springframework.web.servlet.DispatcherServlet - Initializing Servlet 'dispatcherServlet'
2023-07-25 00:35:02.885 [http-nio-8080-exec-1] INFO  org.springframework.web.servlet.DispatcherServlet - Completed initialization in 1 ms
2023-07-25 19:46:08.453 [main] INFO  com.zlht.pose.management.api.PoseManagementApi - Starting PoseManagementApi using Java 1.8.0_341 on SC-202102120022 with PID 7548 (C:\Users\Administrator\Desktop\pose-management\pose-management-api\target\classes started by Administrator in C:\Users\Administrator\Desktop\pose-management)
2023-07-25 19:46:08.462 [main] INFO  com.zlht.pose.management.api.PoseManagementApi - No active profile set, falling back to 1 default profile: "default"
2023-07-25 19:46:09.998 [main] INFO  org.springframework.boot.web.embedded.tomcat.TomcatWebServer - Tomcat initialized with port(s): 8080 (http)
2023-07-25 19:46:10.136 [main] INFO  org.springframework.boot.web.servlet.context.ServletWebServerApplicationContext - Root WebApplicationContext: initialization completed in 1606 ms
2023-07-25 19:46:11.178 [main] INFO  org.springframework.boot.web.embedded.tomcat.TomcatWebServer - Tomcat started on port(s): 8080 (http) with context path ''
2023-07-25 19:46:11.364 [main] INFO  com.zlht.pose.management.api.PoseManagementApi - Started PoseManagementApi in 3.438 seconds (JVM running for 4.495)
2023-07-25 19:47:05.949 [http-nio-8080-exec-1] INFO  org.springframework.web.servlet.DispatcherServlet - Initializing Servlet 'dispatcherServlet'
2023-07-25 19:47:05.951 [http-nio-8080-exec-1] INFO  org.springframework.web.servlet.DispatcherServlet - Completed initialization in 1 ms
2023-07-25 21:47:24.125 [main] INFO  com.zlht.pose.management.api.PoseManagementApi - Starting PoseManagementApi using Java 1.8.0_341 on SC-202102120022 with PID 3912 (C:\Users\Administrator\Desktop\pose-management\pose-management-api\target\classes started by Administrator in C:\Users\Administrator\Desktop\pose-management)
2023-07-25 21:47:24.133 [main] INFO  com.zlht.pose.management.api.PoseManagementApi - No active profile set, falling back to 1 default profile: "default"
2023-07-25 21:47:25.471 [main] INFO  org.springframework.boot.web.embedded.tomcat.TomcatWebServer - Tomcat initialized with port(s): 8080 (http)
2023-07-25 21:47:25.619 [main] INFO  org.springframework.boot.web.servlet.context.ServletWebServerApplicationContext - Root WebApplicationContext: initialization completed in 1426 ms
2023-07-25 21:47:26.735 [main] INFO  org.springframework.boot.web.embedded.tomcat.TomcatWebServer - Tomcat started on port(s): 8080 (http) with context path ''
2023-07-25 21:47:26.960 [main] INFO  com.zlht.pose.management.api.PoseManagementApi - Started PoseManagementApi in 3.217 seconds (JVM running for 4.599)
2023-07-25 21:47:33.243 [http-nio-8080-exec-1] INFO  org.springframework.web.servlet.DispatcherServlet - Initializing Servlet 'dispatcherServlet'
2023-07-25 21:47:33.245 [http-nio-8080-exec-1] INFO  org.springframework.web.servlet.DispatcherServlet - Completed initialization in 1 ms
2023-07-25 21:48:57.100 [main] INFO  com.zlht.pose.management.api.PoseManagementApi - Starting PoseManagementApi using Java 1.8.0_341 on SC-202102120022 with PID 8164 (C:\Users\Administrator\Desktop\pose-management\pose-management-api\target\classes started by Administrator in C:\Users\Administrator\Desktop\pose-management)
2023-07-25 21:48:57.107 [main] INFO  com.zlht.pose.management.api.PoseManagementApi - No active profile set, falling back to 1 default profile: "default"
2023-07-25 21:48:58.485 [main] INFO  org.springframework.boot.web.embedded.tomcat.TomcatWebServer - Tomcat initialized with port(s): 8080 (http)
2023-07-25 21:48:58.619 [main] INFO  org.springframework.boot.web.servlet.context.ServletWebServerApplicationContext - Root WebApplicationContext: initialization completed in 1456 ms
2023-07-25 21:48:59.735 [main] INFO  org.springframework.boot.web.embedded.tomcat.TomcatWebServer - Tomcat started on port(s): 8080 (http) with context path ''
2023-07-25 21:48:59.971 [main] INFO  com.zlht.pose.management.api.PoseManagementApi - Started PoseManagementApi in 3.254 seconds (JVM running for 4.199)
2023-07-25 21:49:15.267 [main] INFO  com.zlht.pose.management.api.PoseManagementApi - Starting PoseManagementApi using Java 1.8.0_341 on SC-202102120022 with PID 8280 (C:\Users\Administrator\Desktop\pose-management\pose-management-api\target\classes started by Administrator in C:\Users\Administrator\Desktop\pose-management)
2023-07-25 21:49:15.274 [main] INFO  com.zlht.pose.management.api.PoseManagementApi - No active profile set, falling back to 1 default profile: "default"
2023-07-25 21:49:16.632 [main] INFO  org.springframework.boot.web.embedded.tomcat.TomcatWebServer - Tomcat initialized with port(s): 8080 (http)
2023-07-25 21:49:16.767 [main] INFO  org.springframework.boot.web.servlet.context.ServletWebServerApplicationContext - Root WebApplicationContext: initialization completed in 1420 ms
2023-07-25 21:49:17.872 [main] INFO  org.springframework.boot.web.embedded.tomcat.TomcatWebServer - Tomcat started on port(s): 8080 (http) with context path ''
2023-07-25 21:49:18.093 [main] INFO  com.zlht.pose.management.api.PoseManagementApi - Started PoseManagementApi in 3.21 seconds (JVM running for 4.266)
2023-07-25 21:49:22.674 [http-nio-8080-exec-2] INFO  org.springframework.web.servlet.DispatcherServlet - Initializing Servlet 'dispatcherServlet'
2023-07-25 21:49:22.675 [http-nio-8080-exec-2] INFO  org.springframework.web.servlet.DispatcherServlet - Completed initialization in 1 ms
2023-07-25 21:50:50.590 [main] INFO  com.zlht.pose.management.api.PoseManagementApi - Starting PoseManagementApi using Java 1.8.0_341 on SC-202102120022 with PID 5688 (C:\Users\Administrator\Desktop\pose-management\pose-management-api\target\classes started by Administrator in C:\Users\Administrator\Desktop\pose-management)
2023-07-25 21:50:50.598 [main] INFO  com.zlht.pose.management.api.PoseManagementApi - No active profile set, falling back to 1 default profile: "default"
2023-07-25 21:50:51.679 [main] INFO  org.springframework.boot.web.embedded.tomcat.TomcatWebServer - Tomcat initialized with port(s): 8080 (http)
2023-07-25 21:50:51.806 [main] INFO  org.springframework.boot.web.servlet.context.ServletWebServerApplicationContext - Root WebApplicationContext: initialization completed in 1152 ms
2023-07-25 21:50:52.776 [main] INFO  org.springframework.boot.web.embedded.tomcat.TomcatWebServer - Tomcat started on port(s): 8080 (http) with context path ''
2023-07-25 21:50:52.963 [main] INFO  com.zlht.pose.management.api.PoseManagementApi - Started PoseManagementApi in 2.685 seconds (JVM running for 3.564)
2023-07-25 21:51:00.742 [http-nio-8080-exec-1] INFO  org.springframework.web.servlet.DispatcherServlet - Initializing Servlet 'dispatcherServlet'
2023-07-25 21:51:00.745 [http-nio-8080-exec-1] INFO  org.springframework.web.servlet.DispatcherServlet - Completed initialization in 3 ms
2023-07-25 22:06:16.686 [main] INFO  com.zlht.pose.management.api.PoseManagementApi - Starting PoseManagementApi using Java 1.8.0_341 on SC-202102120022 with PID 116 (C:\Users\Administrator\Desktop\pose-management\pose-management-api\target\classes started by Administrator in C:\Users\Administrator\Desktop\pose-management)
2023-07-25 22:06:16.721 [main] INFO  com.zlht.pose.management.api.PoseManagementApi - No active profile set, falling back to 1 default profile: "default"
2023-07-25 22:06:17.814 [main] INFO  org.springframework.boot.web.embedded.tomcat.TomcatWebServer - Tomcat initialized with port(s): 8080 (http)
2023-07-25 22:06:17.944 [main] INFO  org.springframework.boot.web.servlet.context.ServletWebServerApplicationContext - Root WebApplicationContext: initialization completed in 1159 ms
2023-07-25 22:06:18.915 [main] INFO  org.springframework.boot.web.embedded.tomcat.TomcatWebServer - Tomcat started on port(s): 8080 (http) with context path ''
2023-07-25 22:06:19.106 [main] INFO  com.zlht.pose.management.api.PoseManagementApi - Started PoseManagementApi in 2.715 seconds (JVM running for 3.559)
2023-07-25 22:06:23.163 [http-nio-8080-exec-1] INFO  org.springframework.web.servlet.DispatcherServlet - Initializing Servlet 'dispatcherServlet'
2023-07-25 22:06:23.165 [http-nio-8080-exec-1] INFO  org.springframework.web.servlet.DispatcherServlet - Completed initialization in 2 ms
2023-07-25 22:07:30.462 [main] INFO  com.zlht.pose.management.api.PoseManagementApi - Starting PoseManagementApi using Java 1.8.0_341 on SC-202102120022 with PID 2868 (C:\Users\Administrator\Desktop\pose-management\pose-management-api\target\classes started by Administrator in C:\Users\Administrator\Desktop\pose-management)
2023-07-25 22:07:30.474 [main] INFO  com.zlht.pose.management.api.PoseManagementApi - No active profile set, falling back to 1 default profile: "default"
2023-07-25 22:07:31.572 [main] INFO  org.springframework.boot.web.embedded.tomcat.TomcatWebServer - Tomcat initialized with port(s): 8080 (http)
2023-07-25 22:07:31.699 [main] INFO  org.springframework.boot.web.servlet.context.ServletWebServerApplicationContext - Root WebApplicationContext: initialization completed in 1157 ms
2023-07-25 22:07:32.688 [main] INFO  org.springframework.boot.web.embedded.tomcat.TomcatWebServer - Tomcat started on port(s): 8080 (http) with context path ''
2023-07-25 22:07:32.878 [main] INFO  com.zlht.pose.management.api.PoseManagementApi - Started PoseManagementApi in 2.733 seconds (JVM running for 3.549)
2023-07-25 22:07:53.460 [http-nio-8080-exec-1] INFO  org.springframework.web.servlet.DispatcherServlet - Initializing Servlet 'dispatcherServlet'
2023-07-25 22:07:53.461 [http-nio-8080-exec-1] INFO  org.springframework.web.servlet.DispatcherServlet - Completed initialization in 1 ms
2023-07-25 22:09:24.770 [main] INFO  com.zlht.pose.management.api.PoseManagementApi - Starting PoseManagementApi using Java 1.8.0_341 on SC-202102120022 with PID 6908 (C:\Users\Administrator\Desktop\pose-management\pose-management-api\target\classes started by Administrator in C:\Users\Administrator\Desktop\pose-management)
2023-07-25 22:09:24.789 [main] INFO  com.zlht.pose.management.api.PoseManagementApi - No active profile set, falling back to 1 default profile: "default"
2023-07-25 22:09:25.880 [main] INFO  org.springframework.boot.web.embedded.tomcat.TomcatWebServer - Tomcat initialized with port(s): 8080 (http)
2023-07-25 22:09:26.010 [main] INFO  org.springframework.boot.web.servlet.context.ServletWebServerApplicationContext - Root WebApplicationContext: initialization completed in 1182 ms
2023-07-25 22:09:26.981 [main] INFO  org.springframework.boot.web.embedded.tomcat.TomcatWebServer - Tomcat started on port(s): 8080 (http) with context path ''
2023-07-25 22:09:27.171 [main] INFO  com.zlht.pose.management.api.PoseManagementApi - Started PoseManagementApi in 2.719 seconds (JVM running for 3.545)
2023-07-25 22:09:48.433 [http-nio-8080-exec-1] INFO  org.springframework.web.servlet.DispatcherServlet - Initializing Servlet 'dispatcherServlet'
2023-07-25 22:09:48.434 [http-nio-8080-exec-1] INFO  org.springframework.web.servlet.DispatcherServlet - Completed initialization in 1 ms
2023-07-25 22:11:59.493 [main] INFO  com.zlht.pose.management.api.PoseManagementApi - Starting PoseManagementApi using Java 1.8.0_341 on SC-202102120022 with PID 516 (C:\Users\Administrator\Desktop\pose-management\pose-management-api\target\classes started by Administrator in C:\Users\Administrator\Desktop\pose-management)
2023-07-25 22:11:59.510 [main] INFO  com.zlht.pose.management.api.PoseManagementApi - No active profile set, falling back to 1 default profile: "default"
2023-07-25 22:12:00.616 [main] INFO  org.springframework.boot.web.embedded.tomcat.TomcatWebServer - Tomcat initialized with port(s): 8080 (http)
2023-07-25 22:12:00.739 [main] INFO  org.springframework.boot.web.servlet.context.ServletWebServerApplicationContext - Root WebApplicationContext: initialization completed in 1159 ms
2023-07-25 22:12:01.711 [main] INFO  org.springframework.boot.web.embedded.tomcat.TomcatWebServer - Tomcat started on port(s): 8080 (http) with context path ''
2023-07-25 22:12:01.900 [main] INFO  com.zlht.pose.management.api.PoseManagementApi - Started PoseManagementApi in 2.698 seconds (JVM running for 3.519)
2023-07-25 22:12:13.225 [http-nio-8080-exec-1] INFO  org.springframework.web.servlet.DispatcherServlet - Initializing Servlet 'dispatcherServlet'
2023-07-25 22:12:13.226 [http-nio-8080-exec-1] INFO  org.springframework.web.servlet.DispatcherServlet - Completed initialization in 1 ms
2023-07-25 22:21:18.044 [main] INFO  com.zlht.pose.management.api.PoseManagementApi - Starting PoseManagementApi using Java 1.8.0_341 on SC-202102120022 with PID 3276 (C:\Users\Administrator\Desktop\pose-management\pose-management-api\target\classes started by Administrator in C:\Users\Administrator\Desktop\pose-management)
2023-07-25 22:21:18.052 [main] INFO  com.zlht.pose.management.api.PoseManagementApi - No active profile set, falling back to 1 default profile: "default"
2023-07-25 22:21:19.206 [main] INFO  org.springframework.boot.web.embedded.tomcat.TomcatWebServer - Tomcat initialized with port(s): 8080 (http)
2023-07-25 22:21:19.331 [main] INFO  org.springframework.boot.web.servlet.context.ServletWebServerApplicationContext - Root WebApplicationContext: initialization completed in 1208 ms
2023-07-25 22:21:20.328 [main] INFO  org.springframework.boot.web.embedded.tomcat.TomcatWebServer - Tomcat started on port(s): 8080 (http) with context path ''
2023-07-25 22:21:20.543 [main] INFO  com.zlht.pose.management.api.PoseManagementApi - Started PoseManagementApi in 2.86 seconds (JVM running for 3.793)
2023-07-25 22:21:28.061 [http-nio-8080-exec-1] INFO  org.springframework.web.servlet.DispatcherServlet - Initializing Servlet 'dispatcherServlet'
2023-07-25 22:21:28.062 [http-nio-8080-exec-1] INFO  org.springframework.web.servlet.DispatcherServlet - Completed initialization in 1 ms
2023-07-25 22:22:24.956 [main] INFO  com.zlht.pose.management.api.PoseManagementApi - Starting PoseManagementApi using Java 1.8.0_341 on SC-202102120022 with PID 752 (C:\Users\Administrator\Desktop\pose-management\pose-management-api\target\classes started by Administrator in C:\Users\Administrator\Desktop\pose-management)
2023-07-25 22:22:24.964 [main] INFO  com.zlht.pose.management.api.PoseManagementApi - No active profile set, falling back to 1 default profile: "default"
2023-07-25 22:22:26.241 [main] INFO  org.springframework.boot.web.embedded.tomcat.TomcatWebServer - Tomcat initialized with port(s): 8080 (http)
2023-07-25 22:22:26.370 [main] INFO  org.springframework.boot.web.servlet.context.ServletWebServerApplicationContext - Root WebApplicationContext: initialization completed in 1336 ms
2023-07-25 22:22:27.688 [main] INFO  org.springframework.boot.web.embedded.tomcat.TomcatWebServer - Tomcat started on port(s): 8080 (http) with context path ''
2023-07-25 22:22:27.930 [main] INFO  com.zlht.pose.management.api.PoseManagementApi - Started PoseManagementApi in 3.323 seconds (JVM running for 4.262)
2023-07-25 22:37:59.571 [main] INFO  com.zlht.pose.management.api.PoseManagementApi - Starting PoseManagementApi using Java 1.8.0_341 on SC-202102120022 with PID 7788 (C:\Users\Administrator\Desktop\pose-management\pose-management-api\target\classes started by Administrator in C:\Users\Administrator\Desktop\pose-management)
2023-07-25 22:37:59.589 [main] INFO  com.zlht.pose.management.api.PoseManagementApi - No active profile set, falling back to 1 default profile: "default"
2023-07-25 22:38:00.686 [main] INFO  org.springframework.boot.web.embedded.tomcat.TomcatWebServer - Tomcat initialized with port(s): 8080 (http)
2023-07-25 22:38:00.807 [main] INFO  org.springframework.boot.web.servlet.context.ServletWebServerApplicationContext - Root WebApplicationContext: initialization completed in 1152 ms
2023-07-25 22:38:01.772 [main] INFO  org.springframework.boot.web.embedded.tomcat.TomcatWebServer - Tomcat started on port(s): 8080 (http) with context path ''
2023-07-25 22:38:01.961 [main] INFO  com.zlht.pose.management.api.PoseManagementApi - Started PoseManagementApi in 2.684 seconds (JVM running for 3.503)
2023-07-25 22:38:39.228 [http-nio-8080-exec-1] INFO  org.springframework.web.servlet.DispatcherServlet - Initializing Servlet 'dispatcherServlet'
2023-07-25 22:38:39.229 [http-nio-8080-exec-1] INFO  org.springframework.web.servlet.DispatcherServlet - Completed initialization in 1 ms
2023-07-25 23:27:32.128 [main] INFO  com.zlht.pose.management.api.PoseManagementApi - Starting PoseManagementApi using Java 1.8.0_341 on SC-202102120022 with PID 2732 (C:\Users\Administrator\Desktop\pose-management\pose-management-api\target\classes started by Administrator in C:\Users\Administrator\Desktop\pose-management)
2023-07-25 23:27:32.135 [main] INFO  com.zlht.pose.management.api.PoseManagementApi - No active profile set, falling back to 1 default profile: "default"
2023-07-25 23:27:33.233 [main] INFO  org.springframework.boot.web.embedded.tomcat.TomcatWebServer - Tomcat initialized with port(s): 8080 (http)
2023-07-25 23:27:33.360 [main] INFO  org.springframework.boot.web.servlet.context.ServletWebServerApplicationContext - Root WebApplicationContext: initialization completed in 1192 ms
2023-07-25 23:27:34.368 [main] INFO  org.springframework.boot.web.embedded.tomcat.TomcatWebServer - Tomcat started on port(s): 8080 (http) with context path ''
2023-07-25 23:27:34.579 [main] INFO  com.zlht.pose.management.api.PoseManagementApi - Started PoseManagementApi in 2.765 seconds (JVM running for 3.661)
2023-07-25 23:27:47.908 [http-nio-8080-exec-2] INFO  org.springframework.web.servlet.DispatcherServlet - Initializing Servlet 'dispatcherServlet'
2023-07-25 23:27:47.909 [http-nio-8080-exec-2] INFO  org.springframework.web.servlet.DispatcherServlet - Completed initialization in 1 ms
2023-07-25 23:33:13.408 [main] INFO  com.zlht.pose.management.api.PoseManagementApi - Starting PoseManagementApi using Java 1.8.0_341 on SC-202102120022 with PID 14008 (C:\Users\Administrator\Desktop\pose-management\pose-management-api\target\classes started by Administrator in C:\Users\Administrator\Desktop\pose-management)
2023-07-25 23:33:13.415 [main] INFO  com.zlht.pose.management.api.PoseManagementApi - No active profile set, falling back to 1 default profile: "default"
2023-07-25 23:33:14.521 [main] INFO  org.springframework.boot.web.embedded.tomcat.TomcatWebServer - Tomcat initialized with port(s): 8080 (http)
2023-07-25 23:33:14.666 [main] INFO  org.springframework.boot.web.servlet.context.ServletWebServerApplicationContext - Root WebApplicationContext: initialization completed in 1193 ms
2023-07-25 23:33:15.695 [main] INFO  org.springframework.boot.web.embedded.tomcat.TomcatWebServer - Tomcat started on port(s): 8080 (http) with context path ''
2023-07-25 23:33:15.970 [main] INFO  com.zlht.pose.management.api.PoseManagementApi - Started PoseManagementApi in 2.892 seconds (JVM running for 4.002)
2023-07-25 23:33:24.764 [http-nio-8080-exec-1] INFO  org.springframework.web.servlet.DispatcherServlet - Initializing Servlet 'dispatcherServlet'
2023-07-25 23:33:24.767 [http-nio-8080-exec-1] INFO  org.springframework.web.servlet.DispatcherServlet - Completed initialization in 2 ms
2023-07-25 23:35:10.486 [main] INFO  com.zlht.pose.management.api.PoseManagementApi - Starting PoseManagementApi using Java 1.8.0_341 on SC-202102120022 with PID 3300 (C:\Users\Administrator\Desktop\pose-management\pose-management-api\target\classes started by Administrator in C:\Users\Administrator\Desktop\pose-management)
2023-07-25 23:35:10.493 [main] INFO  com.zlht.pose.management.api.PoseManagementApi - No active profile set, falling back to 1 default profile: "default"
2023-07-25 23:35:11.653 [main] INFO  org.springframework.boot.web.embedded.tomcat.TomcatWebServer - Tomcat initialized with port(s): 8080 (http)
2023-07-25 23:35:11.778 [main] INFO  org.springframework.boot.web.servlet.context.ServletWebServerApplicationContext - Root WebApplicationContext: initialization completed in 1228 ms
2023-07-25 23:35:12.820 [main] INFO  org.springframework.boot.web.embedded.tomcat.TomcatWebServer - Tomcat started on port(s): 8080 (http) with context path ''
2023-07-25 23:35:13.033 [main] INFO  com.zlht.pose.management.api.PoseManagementApi - Started PoseManagementApi in 2.88 seconds (JVM running for 3.887)
2023-07-25 23:35:21.632 [http-nio-8080-exec-2] INFO  org.springframework.web.servlet.DispatcherServlet - Initializing Servlet 'dispatcherServlet'
2023-07-25 23:35:21.633 [http-nio-8080-exec-2] INFO  org.springframework.web.servlet.DispatcherServlet - Completed initialization in 1 ms
2023-07-25 23:35:41.565 [main] INFO  com.zlht.pose.management.api.PoseManagementApi - Starting PoseManagementApi using Java 1.8.0_341 on SC-202102120022 with PID 11556 (C:\Users\Administrator\Desktop\pose-management\pose-management-api\target\classes started by Administrator in C:\Users\Administrator\Desktop\pose-management)
2023-07-25 23:35:41.572 [main] INFO  com.zlht.pose.management.api.PoseManagementApi - No active profile set, falling back to 1 default profile: "default"
2023-07-25 23:35:42.776 [main] INFO  org.springframework.boot.web.embedded.tomcat.TomcatWebServer - Tomcat initialized with port(s): 8080 (http)
2023-07-25 23:35:42.914 [main] INFO  org.springframework.boot.web.servlet.context.ServletWebServerApplicationContext - Root WebApplicationContext: initialization completed in 1280 ms
2023-07-25 23:35:44.036 [main] INFO  org.springframework.boot.web.embedded.tomcat.TomcatWebServer - Tomcat started on port(s): 8080 (http) with context path ''
2023-07-25 23:35:44.320 [main] INFO  com.zlht.pose.management.api.PoseManagementApi - Started PoseManagementApi in 3.094 seconds (JVM running for 3.968)
2023-07-25 23:35:46.542 [http-nio-8080-exec-3] INFO  org.springframework.web.servlet.DispatcherServlet - Initializing Servlet 'dispatcherServlet'
2023-07-25 23:35:46.543 [http-nio-8080-exec-3] INFO  org.springframework.web.servlet.DispatcherServlet - Completed initialization in 1 ms
2023-07-25 23:36:55.534 [main] INFO  com.zlht.pose.management.api.PoseManagementApi - Starting PoseManagementApi using Java 1.8.0_341 on SC-202102120022 with PID 10148 (C:\Users\Administrator\Desktop\pose-management\pose-management-api\target\classes started by Administrator in C:\Users\Administrator\Desktop\pose-management)
2023-07-25 23:36:55.542 [main] INFO  com.zlht.pose.management.api.PoseManagementApi - No active profile set, falling back to 1 default profile: "default"
2023-07-25 23:36:56.684 [main] INFO  org.springframework.boot.web.embedded.tomcat.TomcatWebServer - Tomcat initialized with port(s): 8080 (http)
2023-07-25 23:36:56.806 [main] INFO  org.springframework.boot.web.servlet.context.ServletWebServerApplicationContext - Root WebApplicationContext: initialization completed in 1207 ms
2023-07-25 23:36:57.808 [main] INFO  org.springframework.boot.web.embedded.tomcat.TomcatWebServer - Tomcat started on port(s): 8080 (http) with context path ''
2023-07-25 23:36:58.057 [main] INFO  com.zlht.pose.management.api.PoseManagementApi - Started PoseManagementApi in 2.851 seconds (JVM running for 3.728)
2023-07-25 23:37:00.045 [http-nio-8080-exec-1] INFO  org.springframework.web.servlet.DispatcherServlet - Initializing Servlet 'dispatcherServlet'
2023-07-25 23:37:00.047 [http-nio-8080-exec-1] INFO  org.springframework.web.servlet.DispatcherServlet - Completed initialization in 1 ms
2023-07-25 23:37:29.187 [main] INFO  com.zlht.pose.management.api.PoseManagementApi - Starting PoseManagementApi using Java 1.8.0_341 on SC-202102120022 with PID 6548 (C:\Users\Administrator\Desktop\pose-management\pose-management-api\target\classes started by Administrator in C:\Users\Administrator\Desktop\pose-management)
2023-07-25 23:37:29.195 [main] INFO  com.zlht.pose.management.api.PoseManagementApi - No active profile set, falling back to 1 default profile: "default"
2023-07-25 23:37:30.447 [main] INFO  org.springframework.boot.web.embedded.tomcat.TomcatWebServer - Tomcat initialized with port(s): 8080 (http)
2023-07-25 23:37:30.637 [main] INFO  org.springframework.boot.web.servlet.context.ServletWebServerApplicationContext - Root WebApplicationContext: initialization completed in 1382 ms
2023-07-25 23:37:32.042 [main] INFO  org.springframework.boot.web.embedded.tomcat.TomcatWebServer - Tomcat started on port(s): 8080 (http) with context path ''
2023-07-25 23:37:32.436 [main] INFO  com.zlht.pose.management.api.PoseManagementApi - Started PoseManagementApi in 3.56 seconds (JVM running for 4.468)
2023-07-25 23:37:33.108 [http-nio-8080-exec-1] INFO  org.springframework.web.servlet.DispatcherServlet - Initializing Servlet 'dispatcherServlet'
2023-07-25 23:37:33.110 [http-nio-8080-exec-1] INFO  org.springframework.web.servlet.DispatcherServlet - Completed initialization in 1 ms
2023-07-25 23:38:34.154 [main] INFO  com.zlht.pose.management.api.PoseManagementApi - Starting PoseManagementApi using Java 1.8.0_341 on SC-202102120022 with PID 6980 (C:\Users\Administrator\Desktop\pose-management\pose-management-api\target\classes started by Administrator in C:\Users\Administrator\Desktop\pose-management)
2023-07-25 23:38:34.162 [main] INFO  com.zlht.pose.management.api.PoseManagementApi - No active profile set, falling back to 1 default profile: "default"
2023-07-25 23:38:35.355 [main] INFO  org.springframework.boot.web.embedded.tomcat.TomcatWebServer - Tomcat initialized with port(s): 8080 (http)
2023-07-25 23:38:35.506 [main] INFO  org.springframework.boot.web.servlet.context.ServletWebServerApplicationContext - Root WebApplicationContext: initialization completed in 1301 ms
2023-07-25 23:38:36.668 [main] INFO  org.springframework.boot.web.embedded.tomcat.TomcatWebServer - Tomcat started on port(s): 8080 (http) with context path ''
2023-07-25 23:38:36.913 [main] INFO  com.zlht.pose.management.api.PoseManagementApi - Started PoseManagementApi in 3.065 seconds (JVM running for 3.953)
2023-07-25 23:38:37.241 [http-nio-8080-exec-1] INFO  org.springframework.web.servlet.DispatcherServlet - Initializing Servlet 'dispatcherServlet'
2023-07-25 23:38:37.242 [http-nio-8080-exec-1] INFO  org.springframework.web.servlet.DispatcherServlet - Completed initialization in 1 ms
2023-07-25 23:38:37.265 [http-nio-8080-exec-1] WARN  org.springframework.web.servlet.mvc.support.DefaultHandlerExceptionResolver - Resolved [org.springframework.web.bind.MissingServletRequestParameterException: Required request parameter 'auth_type' for method parameter type int is not present]
2023-07-25 23:41:29.059 [main] INFO  com.zlht.pose.management.api.PoseManagementApi - Starting PoseManagementApi using Java 1.8.0_341 on SC-202102120022 with PID 6320 (C:\Users\Administrator\Desktop\pose-management\pose-management-api\target\classes started by Administrator in C:\Users\Administrator\Desktop\pose-management)
2023-07-25 23:41:29.067 [main] INFO  com.zlht.pose.management.api.PoseManagementApi - No active profile set, falling back to 1 default profile: "default"
2023-07-25 23:41:30.339 [main] INFO  org.springframework.boot.web.embedded.tomcat.TomcatWebServer - Tomcat initialized with port(s): 8080 (http)
2023-07-25 23:41:30.466 [main] INFO  org.springframework.boot.web.servlet.context.ServletWebServerApplicationContext - Root WebApplicationContext: initialization completed in 1334 ms
2023-07-25 23:41:31.718 [main] INFO  org.springframework.boot.web.embedded.tomcat.TomcatWebServer - Tomcat started on port(s): 8080 (http) with context path ''
2023-07-25 23:41:31.963 [main] INFO  com.zlht.pose.management.api.PoseManagementApi - Started PoseManagementApi in 3.339 seconds (JVM running for 4.298)
2023-07-25 23:41:32.732 [http-nio-8080-exec-1] INFO  org.springframework.web.servlet.DispatcherServlet - Initializing Servlet 'dispatcherServlet'
2023-07-25 23:41:32.733 [http-nio-8080-exec-1] INFO  org.springframework.web.servlet.DispatcherServlet - Completed initialization in 1 ms
2023-07-25 23:42:24.523 [main] INFO  com.zlht.pose.management.api.PoseManagementApi - Starting PoseManagementApi using Java 1.8.0_341 on SC-202102120022 with PID 5620 (C:\Users\Administrator\Desktop\pose-management\pose-management-api\target\classes started by Administrator in C:\Users\Administrator\Desktop\pose-management)
2023-07-25 23:42:24.532 [main] INFO  com.zlht.pose.management.api.PoseManagementApi - No active profile set, falling back to 1 default profile: "default"
2023-07-25 23:42:25.655 [main] INFO  org.springframework.boot.web.embedded.tomcat.TomcatWebServer - Tomcat initialized with port(s): 8080 (http)
2023-07-25 23:42:25.779 [main] INFO  org.springframework.boot.web.servlet.context.ServletWebServerApplicationContext - Root WebApplicationContext: initialization completed in 1213 ms
2023-07-25 23:42:26.773 [main] INFO  org.springframework.boot.web.embedded.tomcat.TomcatWebServer - Tomcat started on port(s): 8080 (http) with context path ''
2023-07-25 23:42:26.991 [main] INFO  com.zlht.pose.management.api.PoseManagementApi - Started PoseManagementApi in 2.79 seconds (JVM running for 3.678)
2023-07-25 23:42:27.932 [http-nio-8080-exec-2] INFO  org.springframework.web.servlet.DispatcherServlet - Initializing Servlet 'dispatcherServlet'
2023-07-25 23:42:27.933 [http-nio-8080-exec-2] INFO  org.springframework.web.servlet.DispatcherServlet - Completed initialization in 1 ms
2023-07-25 23:44:36.444 [main] INFO  com.zlht.pose.management.api.PoseManagementApi - Starting PoseManagementApi using Java 1.8.0_341 on SC-202102120022 with PID 3228 (C:\Users\Administrator\Desktop\pose-management\pose-management-api\target\classes started by Administrator in C:\Users\Administrator\Desktop\pose-management)
2023-07-25 23:44:36.470 [main] INFO  com.zlht.pose.management.api.PoseManagementApi - No active profile set, falling back to 1 default profile: "default"
2023-07-25 23:44:37.891 [main] INFO  org.springframework.boot.web.embedded.tomcat.TomcatWebServer - Tomcat initialized with port(s): 8080 (http)
2023-07-25 23:44:38.035 [main] INFO  org.springframework.boot.web.servlet.context.ServletWebServerApplicationContext - Root WebApplicationContext: initialization completed in 1509 ms
2023-07-25 23:44:39.083 [main] INFO  org.springframework.boot.web.embedded.tomcat.TomcatWebServer - Tomcat started on port(s): 8080 (http) with context path ''
2023-07-25 23:44:39.296 [main] INFO  com.zlht.pose.management.api.PoseManagementApi - Started PoseManagementApi in 3.193 seconds (JVM running for 4.099)
2023-07-25 23:44:40.621 [http-nio-8080-exec-1] INFO  org.springframework.web.servlet.DispatcherServlet - Initializing Servlet 'dispatcherServlet'
2023-07-25 23:44:40.623 [http-nio-8080-exec-1] INFO  org.springframework.web.servlet.DispatcherServlet - Completed initialization in 1 ms
2023-07-25 23:49:08.058 [main] INFO  com.zlht.pose.management.api.PoseManagementApi - Starting PoseManagementApi using Java 1.8.0_341 on SC-202102120022 with PID 12364 (C:\Users\Administrator\Desktop\pose-management\pose-management-api\target\classes started by Administrator in C:\Users\Administrator\Desktop\pose-management)
2023-07-25 23:49:08.074 [main] INFO  com.zlht.pose.management.api.PoseManagementApi - No active profile set, falling back to 1 default profile: "default"
2023-07-25 23:49:09.253 [main] INFO  org.springframework.boot.web.embedded.tomcat.TomcatWebServer - Tomcat initialized with port(s): 8080 (http)
2023-07-25 23:49:09.384 [main] INFO  org.springframework.boot.web.servlet.context.ServletWebServerApplicationContext - Root WebApplicationContext: initialization completed in 1251 ms
2023-07-25 23:49:10.465 [main] INFO  org.springframework.boot.web.embedded.tomcat.TomcatWebServer - Tomcat started on port(s): 8080 (http) with context path ''
2023-07-25 23:49:10.676 [main] INFO  com.zlht.pose.management.api.PoseManagementApi - Started PoseManagementApi in 2.935 seconds (JVM running for 3.772)
2023-07-25 23:49:14.775 [http-nio-8080-exec-1] INFO  org.springframework.web.servlet.DispatcherServlet - Initializing Servlet 'dispatcherServlet'
2023-07-25 23:49:14.776 [http-nio-8080-exec-1] INFO  org.springframework.web.servlet.DispatcherServlet - Completed initialization in 1 ms
2023-07-25 23:51:09.626 [main] INFO  com.zlht.pose.management.api.PoseManagementApi - Starting PoseManagementApi using Java 1.8.0_341 on SC-202102120022 with PID 14968 (C:\Users\Administrator\Desktop\pose-management\pose-management-api\target\classes started by Administrator in C:\Users\Administrator\Desktop\pose-management)
2023-07-25 23:51:09.633 [main] INFO  com.zlht.pose.management.api.PoseManagementApi - No active profile set, falling back to 1 default profile: "default"
2023-07-25 23:51:10.837 [main] INFO  org.springframework.boot.web.embedded.tomcat.TomcatWebServer - Tomcat initialized with port(s): 8080 (http)
2023-07-25 23:51:10.961 [main] INFO  org.springframework.boot.web.servlet.context.ServletWebServerApplicationContext - Root WebApplicationContext: initialization completed in 1245 ms
2023-07-25 23:51:12.169 [main] INFO  org.springframework.boot.web.embedded.tomcat.TomcatWebServer - Tomcat started on port(s): 8080 (http) with context path ''
2023-07-25 23:51:12.429 [main] INFO  com.zlht.pose.management.api.PoseManagementApi - Started PoseManagementApi in 3.143 seconds (JVM running for 4.058)
2023-07-25 23:51:13.128 [http-nio-8080-exec-1] INFO  org.springframework.web.servlet.DispatcherServlet - Initializing Servlet 'dispatcherServlet'
2023-07-25 23:51:13.129 [http-nio-8080-exec-1] INFO  org.springframework.web.servlet.DispatcherServlet - Completed initialization in 1 ms
2023-07-25 23:53:00.133 [main] INFO  com.zlht.pose.management.api.PoseManagementApi - Starting PoseManagementApi using Java 1.8.0_341 on SC-202102120022 with PID 3736 (C:\Users\Administrator\Desktop\pose-management\pose-management-api\target\classes started by Administrator in C:\Users\Administrator\Desktop\pose-management)
2023-07-25 23:53:00.151 [main] INFO  com.zlht.pose.management.api.PoseManagementApi - No active profile set, falling back to 1 default profile: "default"
2023-07-25 23:53:01.287 [main] INFO  org.springframework.boot.web.embedded.tomcat.TomcatWebServer - Tomcat initialized with port(s): 8080 (http)
2023-07-25 23:53:01.428 [main] INFO  org.springframework.boot.web.servlet.context.ServletWebServerApplicationContext - Root WebApplicationContext: initialization completed in 1201 ms
2023-07-25 23:53:02.425 [main] INFO  org.springframework.boot.web.embedded.tomcat.TomcatWebServer - Tomcat started on port(s): 8080 (http) with context path ''
2023-07-25 23:53:02.633 [main] INFO  com.zlht.pose.management.api.PoseManagementApi - Started PoseManagementApi in 2.794 seconds (JVM running for 3.603)
2023-07-25 23:53:08.898 [http-nio-8080-exec-1] INFO  org.springframework.web.servlet.DispatcherServlet - Initializing Servlet 'dispatcherServlet'
2023-07-25 23:53:08.899 [http-nio-8080-exec-1] INFO  org.springframework.web.servlet.DispatcherServlet - Completed initialization in 1 ms
2023-07-25 23:54:29.163 [main] INFO  com.zlht.pose.management.api.PoseManagementApi - Starting PoseManagementApi using Java 1.8.0_341 on SC-202102120022 with PID 8720 (C:\Users\Administrator\Desktop\pose-management\pose-management-api\target\classes started by Administrator in C:\Users\Administrator\Desktop\pose-management)
2023-07-25 23:54:29.181 [main] INFO  com.zlht.pose.management.api.PoseManagementApi - No active profile set, falling back to 1 default profile: "default"
2023-07-25 23:54:30.309 [main] INFO  org.springframework.boot.web.embedded.tomcat.TomcatWebServer - Tomcat initialized with port(s): 8080 (http)
2023-07-25 23:54:30.672 [main] INFO  org.springframework.boot.web.servlet.context.ServletWebServerApplicationContext - Root WebApplicationContext: initialization completed in 1400 ms
2023-07-25 23:54:31.673 [main] INFO  org.springframework.boot.web.embedded.tomcat.TomcatWebServer - Tomcat started on port(s): 8080 (http) with context path ''
2023-07-25 23:54:31.883 [main] INFO  com.zlht.pose.management.api.PoseManagementApi - Started PoseManagementApi in 3.008 seconds (JVM running for 3.823)
2023-07-25 23:55:00.477 [http-nio-8080-exec-1] INFO  org.springframework.web.servlet.DispatcherServlet - Initializing Servlet 'dispatcherServlet'
2023-07-25 23:55:00.478 [http-nio-8080-exec-1] INFO  org.springframework.web.servlet.DispatcherServlet - Completed initialization in 1 ms
2023-07-25 23:56:48.061 [main] INFO  com.zlht.pose.management.api.PoseManagementApi - Starting PoseManagementApi using Java 1.8.0_341 on SC-202102120022 with PID 14288 (C:\Users\Administrator\Desktop\pose-management\pose-management-api\target\classes started by Administrator in C:\Users\Administrator\Desktop\pose-management)
2023-07-25 23:56:48.068 [main] INFO  com.zlht.pose.management.api.PoseManagementApi - No active profile set, falling back to 1 default profile: "default"
2023-07-25 23:56:49.316 [main] INFO  org.springframework.boot.web.embedded.tomcat.TomcatWebServer - Tomcat initialized with port(s): 8080 (http)
2023-07-25 23:56:49.506 [main] INFO  org.springframework.boot.web.servlet.context.ServletWebServerApplicationContext - Root WebApplicationContext: initialization completed in 1406 ms
2023-07-25 23:56:50.624 [main] INFO  org.springframework.boot.web.embedded.tomcat.TomcatWebServer - Tomcat started on port(s): 8080 (http) with context path ''
2023-07-25 23:56:50.842 [main] INFO  com.zlht.pose.management.api.PoseManagementApi - Started PoseManagementApi in 3.101 seconds (JVM running for 4.007)
2023-07-25 23:56:50.895 [http-nio-8080-exec-1] INFO  org.springframework.web.servlet.DispatcherServlet - Initializing Servlet 'dispatcherServlet'
2023-07-25 23:56:50.896 [http-nio-8080-exec-1] INFO  org.springframework.web.servlet.DispatcherServlet - Completed initialization in 1 ms
